Fri Jul  5 22:43:39 CEST 2024
rm gpu_run.x
echo Compiling the GPU version
Compiling the GPU version
mpicc jacobi_gpu.c -o gpu_run.x -O3 -lopenblas -lcudart -lcublas -fopenmp -march=native -Wall -Minfo=all -acc
"jacobi_gpu.c", line 45: warning: variable "row_peek" was set but never used [set_but_not_used]
    size_t dimension = 0, iterations = 0, row_peek = 0, col_peek = 0;
                                          ^

Remark: individual warnings can be suppressed with "--diag_suppress <warning-name>"

"jacobi_gpu.c", line 45: warning: variable "col_peek" was set but never used [set_but_not_used]
    size_t dimension = 0, iterations = 0, row_peek = 0, col_peek = 0;
                                                        ^

main:
     93, Generating enter data create(matrix[:?],matrix_new[:?])
    107, Loop not vectorized/parallelized: contains call
    152, write_csv inlined, size=9 (inline) file jacobi_gpu.c (397)
init_matrix:
    163, #omp parallel
        165, Begin single region
        227, End single region
    167, Begin task
    170, Generating present(matrix[:])
         Generating implicit firstprivate(N_loc,dimension,i)
         Generating NVIDIA GPU code
        172, #pragma acc loop gang, vector(128) collapse(2) /* blockIdx.x threadIdx.x */
        173,   /* blockIdx.x threadIdx.x collapsed */
    173, Loop not vectorized: unprofitable for target
         Loop unrolled 4 times
    177, Generating present(matrix[:])
         Generating implicit firstprivate(N_loc,dimension,i)
         Generating NVIDIA GPU code
        179, #pragma acc loop gang, vector(128) collapse(2) /* blockIdx.x threadIdx.x */
        180,   /* blockIdx.x threadIdx.x collapsed */
    178, End task
    180, Loop not vectorized: unprofitable for target
         Loop unrolled 4 times
    188, Begin task
    191, Generating present(matrix_new[:],matrix[:])
         Generating implicit firstprivate(N_loc,i)
         Generating NVIDIA GPU code
        193, #pragma acc loop gang, vector(128) /* blockIdx.x threadIdx.x */
    193, Generating implicit firstprivate(dimension,my_row,increment)
         Loop not vectorized: unsupported gather
    197, Generating present(matrix_new[:],matrix[:])
         Generating implicit firstprivate(N_loc,i)
         Generating NVIDIA GPU code
        199, #pragma acc loop gang, vector(128) /* blockIdx.x threadIdx.x */
    199, Generating implicit firstprivate(dimension,my_row,increment)
         Loop not vectorized: unsupported gather
    203, Generating present(matrix_new[:],matrix[:])
         Generating implicit firstprivate(i,N_loc)
         Generating NVIDIA GPU code
        205, #pragma acc loop gang, vector(128) /* blockIdx.x threadIdx.x */
    204, End task
    205, Generating implicit firstprivate(dimension,my_row,increment)
         Loop not vectorized: unsupported gather
    213, Begin task
    217, Generating present(matrix_new[:],matrix[:])
         Generating implicit firstprivate(dimension,j)
         Generating NVIDIA GPU code
        219, #pragma acc loop gang, vector(128) /* blockIdx.x threadIdx.x */
    219, Generating implicit firstprivate(increment,N_loc)
         Loop not vectorized: unsupported gather
    226, Generating present(matrix_new[:],matrix[:])
         Generating implicit firstprivate(j,dimension)
         Generating NVIDIA GPU code
        228, #pragma acc loop gang, vector(128) /* blockIdx.x threadIdx.x */
    227, End task
    228, Loop not vectorized: unsupported scatter
         Loop unrolled 2 times
init_matrix_test:
    244, Generating present(matrix[:])
         Generating implicit firstprivate(dimension,N_loc)
         Generating NVIDIA GPU code
        244, #pragma acc loop gang, vector(128) collapse(2) /* blockIdx.x threadIdx.x */
        245,   /* blockIdx.x threadIdx.x collapsed */
    245, Recognized memory set idiom
    250, Generating present(matrix_new[:],matrix[:])
         Generating implicit firstprivate(dimension,my_row,increment,N_loc)
         Generating NVIDIA GPU code
        250, #pragma acc loop gang, vector(128) /* blockIdx.x threadIdx.x */
    250, Loop not fused: no successor loop
         Loop not vectorized: unprofitable for target
         Loop unrolled 4 times
    255, Generating present(matrix_new[:],matrix[:])
         Generating implicit firstprivate(dimension)
         Generating NVIDIA GPU code
        255, #pragma acc loop gang, vector(128) /* blockIdx.x threadIdx.x */
    255, Loop not fused: no successor loop
         Generated vector simd code for the loop
    264, Generating present(matrix_new[:],matrix[:])
         Generating implicit firstprivate(dimension,my_row,increment,N_loc)
         Generating NVIDIA GPU code
        264, #pragma acc loop gang, vector(128) /* blockIdx.x threadIdx.x */
    264, Loop not fused: no successor loop
         Loop not vectorized: unprofitable for target
         Loop unrolled 4 times
    269, Generating present(matrix[:])
         Generating implicit firstprivate(dimension,N_loc)
         Generating NVIDIA GPU code
        269, #pragma acc loop gang, vector(128) collapse(2) /* blockIdx.x threadIdx.x */
        270,   /* blockIdx.x threadIdx.x collapsed */
    270, Recognized memory set idiom
    279, Generating present(matrix_new[:],matrix[:])
         Generating implicit firstprivate(dimension,my_row,increment,N_loc)
         Generating NVIDIA GPU code
        279, #pragma acc loop gang, vector(128) /* blockIdx.x threadIdx.x */
    279, Loop not fused: no successor loop
         Loop not vectorized: unprofitable for target
         Loop unrolled 4 times
    284, Generating present(matrix[:])
         Generating implicit firstprivate(dimension,N_loc)
         Generating NVIDIA GPU code
        284, #pragma acc loop gang, vector(128) collapse(2) /* blockIdx.x threadIdx.x */
        285,   /* blockIdx.x threadIdx.x collapsed */
    285, Recognized memory set idiom
    290, Generating present(matrix_new[:],matrix[:])
         Generating implicit firstprivate(N_loc,increment,dimension)
         Generating NVIDIA GPU code
        290, #pragma acc loop gang, vector(128) /* blockIdx.x threadIdx.x */
    290, Loop not fused: no successor loop
         Generated vector simd code for negative stride loop
evolve:
    301, Generating present(matrix_new[:],matrix[:])
         Generating implicit firstprivate(N_loc,i,dimension)
         Generating NVIDIA GPU code
        304, #pragma acc loop gang, vector(128) collapse(2) /* blockIdx.x threadIdx.x */
        305,   /* blockIdx.x threadIdx.x collapsed */
    304, Loop not fused: no successor loop
    305, Generated vector simd code for the loop
print_loc:
    373, Loop not vectorized/parallelized: contains call
distributed_print:
    388, print_loc inlined, size=9 (inline) file jacobi_gpu.c (369)
         373, Loop not vectorized/parallelized: contains call
Fri Jul  5 22:43:42 CEST 2024
