Wed Jun 26 07:30:18 CEST 2024
############################################
Matrix size:           80000
Number of iterations:  10
Number of nodes:       1
Number of processes:   4
Number of threads:     8
############################################
mca_fbtl_posix_pwritev: error in (p)write(v):Invalid argument
mca_fbtl_posix_pwritev: error in (p)write(v):Invalid argument
mca_fbtl_posix_pwritev: error in (p)write(v):Invalid argument
mca_fbtl_posix_pwritev: error in (p)write(v):Invalid argument
mca_fbtl_posix_pwritev: error in (p)write(v):Invalid argument
mca_fbtl_posix_pwritev: error in (p)write(v):Invalid argument
mca_fbtl_posix_pwritev: error in (p)write(v):Invalid argument
mca_fbtl_posix_pwritev: error in (p)write(v):Invalid argument
mca_fbtl_posix_pwritev: error in (p)write(v):Invalid argument
mca_fbtl_posix_pwritev: error in (p)write(v):Invalid argument
mca_fbtl_posix_pwritev: error in (p)write(v):Invalid argument
mca_fbtl_posix_pwritev: error in (p)write(v):Invalid argument
mca_fbtl_posix_pwritev: error in (p)write(v):Invalid argument
mca_fbtl_posix_pwritev: error in (p)write(v):Invalid argument
mca_fbtl_posix_pwritev: error in (p)write(v):Invalid argument
mca_fbtl_posix_pwritev: error in (p)write(v):Invalid argument
mca_fbtl_posix_pwritev: error in (p)write(v):Invalid argument
Wed Jun 26 07:30:43 CEST 2024
