Wed Jun 26 08:09:17 CEST 2024
############################################
Matrix size:           80000
Number of iterations:  10
Number of nodes:       2
Number of processes:   8
Number of threads:     8
############################################
mca_fbtl_posix_pwritev: error in (p)write(v):Invalid argument
mca_fbtl_posix_pwritev: error in (p)write(v):Invalid argument
mca_fbtl_posix_pwritev: error in (p)write(v):Invalid argument
mca_fbtl_posix_pwritev: error in (p)write(v):Invalid argument
mca_fbtl_posix_pwritev: error in (p)write(v):Invalid argument
mca_fbtl_posix_pwritev: error in (p)write(v):Invalid argument
mca_fbtl_posix_pwritev: error in (p)write(v):Invalid argument
mca_fbtl_posix_pwritev: error in (p)write(v):Invalid argument
mca_fbtl_posix_pwritev: error in (p)write(v):Invalid argument
mca_fbtl_posix_pwritev: error in (p)write(v):Invalid argument
mca_fbtl_posix_pwritev: error in (p)write(v):Invalid argument
mca_fbtl_posix_pwritev: error in (p)write(v):Invalid argument
mca_fbtl_posix_pwritev: error in (p)write(v):Invalid argument
mca_fbtl_posix_pwritev: error in (p)write(v):Invalid argument
mca_fbtl_posix_pwritev: error in (p)write(v):Invalid argument
mca_fbtl_posix_pwritev: error in (p)write(v):Invalid argument
mca_fbtl_posix_pwritev: error in (p)write(v):Invalid argument
mca_fbtl_posix_pwritev: error in (p)write(v):Invalid argument
mca_fbtl_posix_pwritev: error in (p)write(v):Invalid argument
mca_fbtl_posix_pwritev: error in (p)write(v):Invalid argument
mca_fbtl_posix_pwritev: error in (p)write(v):Invalid argument
mca_fbtl_posix_pwritev: error in (p)write(v):Invalid argument
mca_fbtl_posix_pwritev: error in (p)write(v):Invalid argument
mca_fbtl_posix_pwritev: error in (p)write(v):Invalid argument
mca_fbtl_posix_pwritev: error in (p)write(v):Invalid argument
mca_fbtl_posix_pwritev: error in (p)write(v):Invalid argument
mca_fbtl_posix_pwritev: error in (p)write(v):Invalid argument
mca_fbtl_posix_pwritev: error in (p)write(v):Invalid argument
mca_fbtl_posix_pwritev: error in (p)write(v):Invalid argument
Wed Jun 26 08:09:35 CEST 2024
