Thu Jul  4 05:17:14 CEST 2024
############################################
Matrix size:           80000
Number of nodes:       32
Number of processes:   128
Number of threads:     8 (per process)
Type:                  gpu
############################################
GPU_BLAS
GPU_BLAS
GPU_BLAS
GPU_BLAS
GPU_BLAS
GPU_BLAS
GPU_BLAS
GPU_BLAS
GPU_BLAS
GPU_BLAS
GPU_BLAS
GPU_BLAS
GPU_BLAS
GPU_BLAS
GPU_BLAS
GPU_BLAS
GPU_BLAS
GPU_BLAS
GPU_BLAS
GPU_BLAS
GPU_BLAS
GPU_BLAS
GPU_BLAS
GPU_BLAS
GPU_BLAS
GPU_BLAS
GPU_BLAS
GPU_BLAS
GPU_BLAS
GPU_BLAS
GPU_BLAS
GPU_BLAS
GPU_BLAS
GPU_BLAS
GPU_BLAS
GPU_BLAS
GPU_BLAS
GPU_BLAS
GPU_BLAS
GPU_BLAS
GPU_BLAS
GPU_BLAS
GPU_BLAS
GPU_BLAS
GPU_BLAS
GPU_BLAS
GPU_BLAS
GPU_BLAS
GPU_BLAS
GPU_BLAS
GPU_BLAS
GPU_BLAS
GPU_BLAS
GPU_BLAS
GPU_BLAS
GPU_BLAS
GPU_BLAS
GPU_BLAS
GPU_BLAS
GPU_BLAS
GPU_BLAS
GPU_BLAS
GPU_BLAS
GPU_BLAS
GPU_BLAS
GPU_BLAS
GPU_BLAS
GPU_BLAS
GPU_BLAS
GPU_BLAS
GPU_BLAS
GPU_BLAS
GPU_BLAS
GPU_BLAS
GPU_BLAS
GPU_BLAS
GPU_BLAS
GPU_BLAS
GPU_BLAS
GPU_BLAS
GPU_BLAS
GPU_BLAS
GPU_BLAS
GPU_BLAS
GPU_BLAS
GPU_BLAS
GPU_BLAS
GPU_BLAS
GPU_BLAS
GPU_BLAS
GPU_BLAS
GPU_BLAS
GPU_BLAS
GPU_BLAS
GPU_BLAS
GPU_BLAS
GPU_BLAS
GPU_BLAS
GPU_BLAS
GPU_BLAS
GPU_BLAS
GPU_BLAS
GPU_BLAS
GPU_BLAS
GPU_BLAS
GPU_BLAS
GPU_BLAS
GPU_BLAS
GPU_BLAS
GPU_BLAS
GPU_BLAS
GPU_BLAS
GPU_BLAS
GPU_BLAS
GPU_BLAS
GPU_BLAS
GPU_BLAS
GPU_BLAS
GPU_BLAS
GPU_BLAS
GPU_BLAS
GPU_BLAS
GPU_BLAS
GPU_BLAS
GPU_BLAS
GPU_BLAS
GPU_BLAS
GPU_BLAS
Thu Jul  4 05:17:38 CEST 2024
