Wed Jul  3 10:31:04 CEST 2024
############################################
Matrix size:           80000
Number of nodes:       16
Number of processes:   64
Number of threads:     8 (per process)
Type:                  gpu
############################################
GPU_BLAS
GPU_BLAS
GPU_BLAS
GPU_BLAS
GPU_BLAS
GPU_BLAS
GPU_BLAS
GPU_BLAS
GPU_BLAS
GPU_BLAS
GPU_BLAS
GPU_BLAS
GPU_BLAS
GPU_BLAS
GPU_BLAS
GPU_BLAS
GPU_BLAS
GPU_BLAS
GPU_BLAS
GPU_BLAS
GPU_BLAS
GPU_BLAS
GPU_BLAS
GPU_BLAS
GPU_BLAS
GPU_BLAS
GPU_BLAS
GPU_BLAS
GPU_BLAS
GPU_BLAS
GPU_BLAS
GPU_BLAS
GPU_BLAS
GPU_BLAS
GPU_BLAS
GPU_BLAS
GPU_BLAS
GPU_BLAS
GPU_BLAS
GPU_BLAS
GPU_BLAS
GPU_BLAS
GPU_BLAS
GPU_BLAS
GPU_BLAS
GPU_BLAS
GPU_BLAS
GPU_BLAS
GPU_BLAS
GPU_BLAS
GPU_BLAS
GPU_BLAS
GPU_BLAS
GPU_BLAS
GPU_BLAS
GPU_BLAS
GPU_BLAS
GPU_BLAS
GPU_BLAS
GPU_BLAS
GPU_BLAS
GPU_BLAS
GPU_BLAS
GPU_BLAS
Wed Jul  3 10:31:25 CEST 2024
