Thu Jul  4 03:00:00 CEST 2024
############################################
Matrix size:           80000
Number of nodes:       64
Number of processes:   256
Number of threads:     8 (per process)
Type:                  gpu
############################################
GPU_BLAS
GPU_BLAS
GPU_BLAS
GPU_BLAS
GPU_BLAS
GPU_BLAS
GPU_BLAS
GPU_BLAS
GPU_BLAS
GPU_BLAS
GPU_BLAS
GPU_BLAS
GPU_BLAS
GPU_BLAS
GPU_BLAS
GPU_BLAS
GPU_BLAS
GPU_BLAS
GPU_BLAS
GPU_BLAS
GPU_BLAS
GPU_BLAS
GPU_BLAS
GPU_BLAS
GPU_BLAS
GPU_BLAS
GPU_BLAS
GPU_BLAS
GPU_BLAS
GPU_BLAS
GPU_BLAS
GPU_BLAS
GPU_BLAS
GPU_BLAS
GPU_BLAS
GPU_BLAS
GPU_BLAS
GPU_BLAS
GPU_BLAS
GPU_BLAS
GPU_BLAS
GPU_BLAS
GPU_BLAS
GPU_BLAS
GPU_BLAS
GPU_BLAS
GPU_BLAS
GPU_BLAS
GPU_BLAS
GPU_BLAS
GPU_BLAS
GPU_BLAS
GPU_BLAS
GPU_BLAS
GPU_BLAS
GPU_BLAS
GPU_BLAS
GPU_BLAS
GPU_BLAS
GPU_BLAS
GPU_BLAS
GPU_BLAS
GPU_BLAS
GPU_BLAS
GPU_BLAS
GPU_BLAS
GPU_BLAS
GPU_BLAS
GPU_BLAS
GPU_BLAS
GPU_BLAS
GPU_BLAS
GPU_BLAS
GPU_BLAS
GPU_BLAS
GPU_BLAS
GPU_BLAS
GPU_BLAS
GPU_BLAS
GPU_BLAS
GPU_BLAS
GPU_BLAS
GPU_BLAS
GPU_BLAS
GPU_BLAS
GPU_BLAS
GPU_BLAS
GPU_BLAS
GPU_BLAS
GPU_BLAS
GPU_BLAS
GPU_BLAS
GPU_BLAS
GPU_BLAS
GPU_BLAS
GPU_BLAS
GPU_BLAS
GPU_BLAS
GPU_BLAS
GPU_BLAS
GPU_BLAS
GPU_BLAS
GPU_BLAS
GPU_BLAS
GPU_BLAS
GPU_BLAS
GPU_BLAS
GPU_BLAS
GPU_BLAS
GPU_BLAS
GPU_BLAS
GPU_BLAS
GPU_BLAS
GPU_BLAS
GPU_BLAS
GPU_BLAS
GPU_BLAS
GPU_BLAS
GPU_BLAS
GPU_BLAS
GPU_BLAS
GPU_BLAS
GPU_BLAS
GPU_BLAS
GPU_BLAS
GPU_BLAS
GPU_BLAS
GPU_BLAS
GPU_BLAS
GPU_BLAS
GPU_BLAS
GPU_BLAS
GPU_BLAS
GPU_BLAS
GPU_BLAS
GPU_BLAS
GPU_BLAS
GPU_BLAS
GPU_BLAS
GPU_BLAS
GPU_BLAS
GPU_BLAS
GPU_BLAS
GPU_BLAS
GPU_BLAS
GPU_BLAS
GPU_BLAS
GPU_BLAS
GPU_BLAS
GPU_BLAS
GPU_BLAS
GPU_BLAS
GPU_BLAS
GPU_BLAS
GPU_BLAS
GPU_BLAS
GPU_BLAS
GPU_BLAS
GPU_BLAS
GPU_BLAS
GPU_BLAS
GPU_BLAS
GPU_BLAS
GPU_BLAS
GPU_BLAS
GPU_BLAS
GPU_BLAS
GPU_BLAS
GPU_BLAS
GPU_BLAS
GPU_BLAS
GPU_BLAS
GPU_BLAS
GPU_BLAS
GPU_BLAS
GPU_BLAS
GPU_BLAS
GPU_BLAS
GPU_BLAS
GPU_BLAS
GPU_BLAS
GPU_BLAS
GPU_BLAS
GPU_BLAS
GPU_BLAS
GPU_BLAS
GPU_BLAS
GPU_BLAS
GPU_BLAS
GPU_BLAS
GPU_BLAS
GPU_BLAS
GPU_BLAS
GPU_BLAS
GPU_BLAS
GPU_BLAS
GPU_BLAS
GPU_BLAS
GPU_BLAS
GPU_BLAS
GPU_BLAS
GPU_BLAS
GPU_BLAS
GPU_BLAS
GPU_BLAS
GPU_BLAS
GPU_BLAS
GPU_BLAS
GPU_BLAS
GPU_BLAS
GPU_BLAS
GPU_BLAS
GPU_BLAS
GPU_BLAS
GPU_BLAS
GPU_BLAS
GPU_BLAS
GPU_BLAS
GPU_BLAS
GPU_BLAS
GPU_BLAS
GPU_BLAS
GPU_BLAS
GPU_BLAS
GPU_BLAS
GPU_BLAS
GPU_BLAS
GPU_BLAS
GPU_BLAS
GPU_BLAS
GPU_BLAS
GPU_BLAS
GPU_BLAS
GPU_BLAS
GPU_BLAS
GPU_BLAS
GPU_BLAS
GPU_BLAS
GPU_BLAS
GPU_BLAS
GPU_BLAS
GPU_BLAS
GPU_BLAS
GPU_BLAS
GPU_BLAS
GPU_BLAS
GPU_BLAS
GPU_BLAS
GPU_BLAS
GPU_BLAS
GPU_BLAS
GPU_BLAS
GPU_BLAS
GPU_BLAS
GPU_BLAS
GPU_BLAS
Thu Jul  4 03:00:26 CEST 2024
