Wed Jul  3 10:33:06 CEST 2024
############################################
Matrix size:           80000
Number of nodes:       8
Number of processes:   32
Number of threads:     8 (per process)
Type:                  gpu
############################################
GPU_BLAS
GPU_BLAS
GPU_BLAS
GPU_BLAS
GPU_BLAS
GPU_BLAS
GPU_BLAS
GPU_BLAS
GPU_BLAS
GPU_BLAS
GPU_BLAS
GPU_BLAS
GPU_BLAS
GPU_BLAS
GPU_BLAS
GPU_BLAS
GPU_BLAS
GPU_BLAS
GPU_BLAS
GPU_BLAS
GPU_BLAS
GPU_BLAS
GPU_BLAS
GPU_BLAS
GPU_BLAS
GPU_BLAS
GPU_BLAS
GPU_BLAS
GPU_BLAS
GPU_BLAS
GPU_BLAS
GPU_BLAS
Wed Jul  3 10:33:29 CEST 2024
